0 info it worked if it ends with ok
1 verbose cli [ '/home/vagrant/.nvm/versions/node/v5.7.1/bin/node',
1 verbose cli   '/home/vagrant/.nvm/versions/node/v5.7.1/bin/npm',
1 verbose cli   'run',
1 verbose cli   'firebase-init' ]
2 info using npm@3.6.0
3 info using node@v5.7.1
4 verbose run-script [ 'prefirebase-init', 'firebase-init', 'postfirebase-init' ]
5 info lifecycle github-battle@1.0.0~prefirebase-init: github-battle@1.0.0
6 silly lifecycle github-battle@1.0.0~prefirebase-init: no script for prefirebase-init, continuing
7 info lifecycle github-battle@1.0.0~firebase-init: github-battle@1.0.0
8 verbose lifecycle github-battle@1.0.0~firebase-init: unsafe-perm in lifecycle true
9 verbose lifecycle github-battle@1.0.0~firebase-init: PATH: /home/vagrant/.nvm/versions/node/v5.7.1/lib/node_modules/npm/bin/node-gyp-bin:/home/vagrant/projects/github-battle/node_modules/.bin:/opt/oracle/instantclient:/home/vagrant/.nvm/versions/node/v5.7.1/bin:/usr/local/rbenv/shims:/usr/local/rbenv/bin:/usr/local/sbin:/usr/local/bin:/usr/sbin:/usr/bin:/sbin:/bin:/usr/games:/usr/local/games:/snap/bin:/usr/lib/jvm/java-8-oracle/bin:/usr/lib/jvm/java-8-oracle/db/bin:/usr/lib/jvm/java-8-oracle/jre/bin
10 verbose lifecycle github-battle@1.0.0~firebase-init: CWD: /home/vagrant/projects/github-battle
11 silly lifecycle github-battle@1.0.0~firebase-init: Args: [ '-c', 'firebase login && firebase init' ]
12 silly lifecycle github-battle@1.0.0~firebase-init: Returned: code: 1  signal: null
13 info lifecycle github-battle@1.0.0~firebase-init: Failed to exec firebase-init script
14 verbose stack Error: github-battle@1.0.0 firebase-init: `firebase login && firebase init`
14 verbose stack Exit status 1
14 verbose stack     at EventEmitter.<anonymous> (/home/vagrant/.nvm/versions/node/v5.7.1/lib/node_modules/npm/lib/utils/lifecycle.js:232:16)
14 verbose stack     at emitTwo (events.js:100:13)
14 verbose stack     at EventEmitter.emit (events.js:185:7)
14 verbose stack     at ChildProcess.<anonymous> (/home/vagrant/.nvm/versions/node/v5.7.1/lib/node_modules/npm/lib/utils/spawn.js:24:14)
14 verbose stack     at emitTwo (events.js:100:13)
14 verbose stack     at ChildProcess.emit (events.js:185:7)
14 verbose stack     at maybeClose (internal/child_process.js:827:16)
14 verbose stack     at Process.ChildProcess._handle.onexit (internal/child_process.js:211:5)
15 verbose pkgid github-battle@1.0.0
16 verbose cwd /home/vagrant/projects/github-battle
17 error Linux 4.4.0-53-generic
18 error argv "/home/vagrant/.nvm/versions/node/v5.7.1/bin/node" "/home/vagrant/.nvm/versions/node/v5.7.1/bin/npm" "run" "firebase-init"
19 error node v5.7.1
20 error npm  v3.6.0
21 error code ELIFECYCLE
22 error github-battle@1.0.0 firebase-init: `firebase login && firebase init`
22 error Exit status 1
23 error Failed at the github-battle@1.0.0 firebase-init script 'firebase login && firebase init'.
23 error Make sure you have the latest version of node.js and npm installed.
23 error If you do, this is most likely a problem with the github-battle package,
23 error not with npm itself.
23 error Tell the author that this fails on your system:
23 error     firebase login && firebase init
23 error You can get information on how to open an issue for this project with:
23 error     npm bugs github-battle
23 error Or if that isn't available, you can get their info via:
23 error     npm owner ls github-battle
23 error There is likely additional logging output above.
24 verbose exit [ 1, true ]
